mode: set
github.com/sonic/lib/errors/errors.go:11.32,12.22 1 1
github.com/sonic/lib/errors/errors.go:13.2,13.10 1 1
github.com/sonic/lib/errors/errors.go:12.22,12.54 1 1
github.com/sonic/lib/errors/errors.go:15.36,18.21 2 1
github.com/sonic/lib/errors/errors.go:22.2,22.33 1 1
github.com/sonic/lib/errors/errors.go:36.2,43.9 3 1
github.com/sonic/lib/errors/errors.go:48.2,48.26 1 1
github.com/sonic/lib/errors/errors.go:55.2,57.15 2 1
github.com/sonic/lib/errors/errors.go:18.21,20.3 1 1
github.com/sonic/lib/errors/errors.go:22.33,23.10 1 1
github.com/sonic/lib/errors/errors.go:24.3,26.24 2 1
github.com/sonic/lib/errors/errors.go:27.3,29.29 2 1
github.com/sonic/lib/errors/errors.go:32.4,32.28 1 1
github.com/sonic/lib/errors/errors.go:29.29,31.5 1 1
github.com/sonic/lib/errors/errors.go:43.9,46.3 2 0
github.com/sonic/lib/errors/errors.go:48.26,53.3 2 1
github.com/sonic/lib/errors/errors.go:65.33,67.2 1 1
